<?xml version="1.0" encoding="UTF-8"?>
<testng-results ignored="0" total="9" passed="9" failed="0" skipped="0">
  <reporter-output>
  </reporter-output>
  <suite started-at="2024-12-28T13:59:56 IST" name="Suite" finished-at="2024-12-28T14:00:08 IST" duration-ms="12528">
    <groups>
    </groups>
    <test started-at="2024-12-28T13:59:56 IST" name="HomeTest" finished-at="2024-12-28T14:00:03 IST" duration-ms="7006">
      <class name="com.TestCases.HomePageTest">
        <test-method is-config="true" signature="setUp()[pri:0, instance:com.TestCases.HomePageTest@59662a0b]" started-at="2024-12-28T13:59:56 IST" name="setUp" finished-at="2024-12-28T14:00:00 IST" duration-ms="3727" status="PASS">
          <reporter-output>
          </reporter-output>
        </test-method> <!-- setUp -->
        <test-method signature="vaidateListOfOptions()[pri:1, instance:com.TestCases.HomePageTest@59662a0b]" started-at="2024-12-28T14:00:00 IST" name="vaidateListOfOptions" finished-at="2024-12-28T14:00:00 IST" duration-ms="55" status="PASS">
          <reporter-output>
          </reporter-output>
        </test-method> <!-- vaidateListOfOptions -->
        <test-method signature="validateOptions()[pri:2, instance:com.TestCases.HomePageTest@59662a0b]" started-at="2024-12-28T14:00:00 IST" name="validateOptions" finished-at="2024-12-28T14:00:00 IST" duration-ms="191" status="PASS">
          <reporter-output>
          </reporter-output>
        </test-method> <!-- validateOptions -->
        <test-method signature="validatesignIn()[pri:3, instance:com.TestCases.HomePageTest@59662a0b]" started-at="2024-12-28T14:00:00 IST" name="validatesignIn" finished-at="2024-12-28T14:00:02 IST" duration-ms="2333" status="PASS">
          <reporter-output>
          </reporter-output>
        </test-method> <!-- validatesignIn -->
        <test-method signature="validateLogin()[pri:4, instance:com.TestCases.HomePageTest@59662a0b]" started-at="2024-12-28T14:00:02 IST" name="validateLogin" finished-at="2024-12-28T14:00:03 IST" duration-ms="628" status="PASS">
          <reporter-output>
          </reporter-output>
        </test-method> <!-- validateLogin -->
      </class> <!-- com.TestCases.HomePageTest -->
    </test> <!-- HomeTest -->
    <test started-at="2024-12-28T14:00:03 IST" name="IndexTest" finished-at="2024-12-28T14:00:08 IST" duration-ms="5450">
      <class name="com.TestCases.IndexPageTest">
        <test-method is-config="true" signature="setUp()[pri:0, instance:com.TestCases.IndexPageTest@5e0e82ae]" started-at="2024-12-28T14:00:03 IST" name="setUp" finished-at="2024-12-28T14:00:06 IST" duration-ms="2697" status="PASS">
          <reporter-output>
          </reporter-output>
        </test-method> <!-- setUp -->
        <test-method signature="pageSetup()[pri:0, instance:com.TestCases.IndexPageTest@5e0e82ae]" started-at="2024-12-28T14:00:06 IST" name="pageSetup" finished-at="2024-12-28T14:00:06 IST" duration-ms="867" status="PASS">
          <reporter-output>
          </reporter-output>
        </test-method> <!-- pageSetup -->
        <test-method signature="validateCategories()[pri:1, instance:com.TestCases.IndexPageTest@5e0e82ae]" started-at="2024-12-28T14:00:06 IST" name="validateCategories" finished-at="2024-12-28T14:00:07 IST" duration-ms="102" status="PASS">
          <reporter-output>
          </reporter-output>
        </test-method> <!-- validateCategories -->
        <test-method signature="validateOptions()[pri:2, instance:com.TestCases.IndexPageTest@5e0e82ae]" started-at="2024-12-28T14:00:07 IST" name="validateOptions" finished-at="2024-12-28T14:00:08 IST" duration-ms="938" status="PASS">
          <reporter-output>
          </reporter-output>
        </test-method> <!-- validateOptions -->
        <test-method signature="validateAppUrl()[pri:3, instance:com.TestCases.IndexPageTest@5e0e82ae]" started-at="2024-12-28T14:00:08 IST" name="validateAppUrl" finished-at="2024-12-28T14:00:08 IST" duration-ms="39" status="PASS">
          <reporter-output>
          </reporter-output>
        </test-method> <!-- validateAppUrl -->
        <test-method signature="launchCartPage()[pri:4, instance:com.TestCases.IndexPageTest@5e0e82ae]" started-at="2024-12-28T14:00:08 IST" name="launchCartPage" finished-at="2024-12-28T14:00:08 IST" duration-ms="789" status="PASS">
          <reporter-output>
          </reporter-output>
        </test-method> <!-- launchCartPage -->
      </class> <!-- com.TestCases.IndexPageTest -->
    </test> <!-- IndexTest -->
  </suite> <!-- Suite -->
</testng-results>
