<?xml version="1.0" encoding="UTF-8"?>
<!-- Generated by org.testng.reporters.JUnitXMLReporter -->
<testsuite ignored="0" hostname="DESKTOP-DH1DB40" failures="0" tests="4" name="HomeTest" time="7.006" errors="0" timestamp="2024-12-28T14:00:03 IST">
  <testcase classname="com.TestCases.HomePageTest" name="vaidateListOfOptions" time="0.055"/>
  <testcase classname="com.TestCases.HomePageTest" name="validateOptions" time="0.191"/>
  <testcase classname="com.TestCases.HomePageTest" name="validatesignIn" time="2.333"/>
  <testcase classname="com.TestCases.HomePageTest" name="validateLogin" time="0.628"/>
</testsuite> <!-- HomeTest -->
