<?xml version="1.0" encoding="UTF-8"?>
<!-- Generated by org.testng.reporters.JUnitXMLReporter -->
<testsuite ignored="0" hostname="DESKTOP-DH1DB40" failures="0" tests="5" name="IndexTest" time="5.45" errors="0" timestamp="2024-12-28T14:00:08 IST">
  <testcase classname="com.TestCases.IndexPageTest" name="pageSetup" time="0.867"/>
  <testcase classname="com.TestCases.IndexPageTest" name="validateCategories" time="0.102"/>
  <testcase classname="com.TestCases.IndexPageTest" name="validateOptions" time="0.938"/>
  <testcase classname="com.TestCases.IndexPageTest" name="validateAppUrl" time="0.039"/>
  <testcase classname="com.TestCases.IndexPageTest" name="launchCartPage" time="0.789"/>
</testsuite> <!-- IndexTest -->
