<?xml version="1.0" encoding="UTF-8"?>
<testng-results ignored="0" total="1" passed="1" failed="0" skipped="0">
  <reporter-output>
  </reporter-output>
  <suite started-at="2024-12-28T11:33:38 IST" name="Default suite" finished-at="2024-12-28T11:33:51 IST" duration-ms="13674">
    <groups>
    </groups>
    <test started-at="2024-12-28T11:33:38 IST" name="Default test" finished-at="2024-12-28T11:33:51 IST" duration-ms="13674">
      <class name="com.Scenario1.DropDownWithoutSelectTag">
        <test-method signature="testDropdown()[pri:0, instance:com.Scenario1.DropDownWithoutSelectTag@36902638]" started-at="2024-12-28T11:33:38 IST" name="testDropdown" finished-at="2024-12-28T11:33:51 IST" duration-ms="13604" status="PASS">
          <reporter-output>
          </reporter-output>
        </test-method> <!-- testDropdown -->
      </class> <!-- com.Scenario1.DropDownWithoutSelectTag -->
    </test> <!-- Default test -->
  </suite> <!-- Default suite -->
</testng-results>
