<?xml version="1.0" encoding="UTF-8"?>
<!-- Generated by org.testng.reporters.JUnitXMLReporter -->
<testsuite ignored="0" hostname="DESKTOP-DH1DB40" failures="0" tests="10" name="Default test" time="18.069" errors="0" timestamp="2024-12-28T10:59:34 IST">
  <testcase classname="com.RestAPITest.TelecomAPI" name="addNewUser" time="4.702"/>
  <testcase classname="com.RestAPITest.TelecomAPI" name="getProfile" time="1.509"/>
  <testcase classname="com.RestAPITest.TelecomAPI" name="updateUser" time="1.478"/>
  <testcase classname="com.RestAPITest.TelecomAPI" name="loginUser" time="1.479"/>
  <testcase classname="com.RestAPITest.TelecomAPI" name="addContact" time="1.501"/>
  <testcase classname="com.RestAPITest.TelecomAPI" name="getContactList" time="1.478"/>
  <testcase classname="com.RestAPITest.TelecomAPI" name="getContact" time="1.451"/>
  <testcase classname="com.RestAPITest.TelecomAPI" name="updateContact" time="1.451"/>
  <testcase classname="com.RestAPITest.TelecomAPI" name="updateContactpatch" time="1.448"/>
  <testcase classname="com.RestAPITest.TelecomAPI" name="logoutUser" time="1.494"/>
</testsuite> <!-- Default test -->
