<?xml version="1.0" encoding="UTF-8"?>
<!-- Generated by org.testng.reporters.JUnitXMLReporter -->
<testsuite ignored="0" hostname="DESKTOP-DH1DB40" failures="0" tests="4" name="Default test" time="10.273" errors="0" timestamp="2024-12-28T13:16:36 IST">
  <testcase classname="com.TestCases.HomePageTest" name="vaidateListOfOptions" time="0.045"/>
  <testcase classname="com.TestCases.HomePageTest" name="validateOptions" time="0.123"/>
  <testcase classname="com.TestCases.HomePageTest" name="validatesignIn" time="2.082"/>
  <testcase classname="com.TestCases.HomePageTest" name="validateLogin" time="0.688"/>
</testsuite> <!-- Default test -->
